<?xml version="1.0" encoding="UTF-8"?>
<!-- Generated by org.testng.reporters.JUnitReportReporter -->
<testsuite skipped="0" hostname="MARMO-SOLUTIONS" name="Sign_negativeCase" tests="1" failures="0" timestamp="09 Aug 2020 06:54:12 GMT" time="11.731" errors="0">
  <testcase name="Login" time="11.731" classname="Sign_negativeCase"/>
</testsuite> <!-- Sign_negativeCase -->
