<?xml version="1.0" encoding="UTF-8"?>
<!-- Generated by org.testng.reporters.JUnitReportReporter -->
<testsuite skipped="0" hostname="MARMO-SOLUTIONS" name="Sign_in" tests="1" failures="0" timestamp="01 Aug 2020 11:47:09 GMT" time="12.356" errors="0">
  <testcase name="Login" time="12.356" classname="Sign_in"/>
</testsuite> <!-- Sign_in -->
