<?xml version="1.0" encoding="UTF-8"?>
<!-- Generated by org.testng.reporters.JUnitReportReporter -->
<testsuite skipped="0" hostname="MARMO-SOLUTIONS" name="FirstPage" tests="1" failures="0" timestamp="09 Aug 2020 07:05:16 GMT" time="17.149" errors="0">
  <testcase name="FirstPageTest1" time="17.149" classname="FirstPage"/>
</testsuite> <!-- FirstPage -->
