<?xml version="1.0" encoding="UTF-8"?>
<!-- Generated by org.testng.reporters.JUnitReportReporter -->
<testsuite skipped="0" hostname="MARMO-SOLUTIONS" name="Signup" tests="1" failures="0" timestamp="09 Aug 2020 08:12:31 GMT" time="24.541" errors="0">
  <testcase name="Sign_Up" time="24.541" classname="Signup"/>
</testsuite> <!-- Signup -->
